\BOOKMARK [1][-]{section*.2}{\376\377\0001\000\040\000-\000\040\000E\000n\000t\000e\000n\000d\000i\000m\000e\000n\000t\000o\000\040\000d\000o\000\040\000N\000e\000g\000\363\000c\000i\000o}{}% 1
\BOOKMARK [2][-]{section*.3}{\376\377\0001\000.\0001\000\040\000O\000b\000j\000e\000t\000i\000v\000o\000s\000\040\000d\000o\000\040\000N\000e\000g\000\363\000c\000i\000o}{section*.2}% 2
\BOOKMARK [2][-]{section*.4}{\376\377\0001\000.\0002\000\040\000A\000v\000a\000l\000i\000a\000\347\000\343\000o\000\040\000d\000a\000\040\000S\000i\000t\000u\000a\000\347\000\343\000o}{section*.2}% 3
\BOOKMARK [2][-]{section*.5}{\376\377\0001\000.\0003\000\040\000O\000b\000j\000e\000t\000i\000v\000o\000s\000\040\000d\000a\000\040\000M\000i\000n\000e\000r\000a\000\347\000\343\000o\000\040\000d\000e\000\040\000D\000a\000d\000o\000s}{section*.2}% 4
\BOOKMARK [2][-]{section*.6}{\376\377\0001\000.\0004\000\040\000D\000e\000s\000c\000r\000i\000\347\000\343\000o\000\040\000d\000o\000\040\000P\000r\000o\000j\000e\000t\000o}{section*.2}% 5
\BOOKMARK [1][-]{section*.7}{\376\377\0002\000\040\000-\000\040\000E\000n\000t\000e\000n\000d\000i\000m\000e\000n\000t\000o\000\040\000d\000o\000s\000\040\000D\000a\000d\000o\000s}{}% 6
\BOOKMARK [2][-]{section*.8}{\376\377\0002\000.\0001\000\040\000C\000o\000l\000e\000t\000a\000\040\000d\000o\000s\000\040\000D\000a\000d\000o\000s}{section*.7}% 7
\BOOKMARK [2][-]{section*.12}{\376\377\0002\000.\0002\000\040\000D\000e\000s\000c\000r\000i\000\347\000\343\000o\000\040\000d\000o\000s\000\040\000D\000a\000d\000o\000s}{section*.7}% 8
\BOOKMARK [2][-]{section*.15}{\376\377\0002\000.\0003\000\040\000V\000e\000r\000i\000f\000i\000c\000a\000\347\000\343\000o\000\040\000d\000a\000\040\000Q\000u\000a\000l\000i\000d\000a\000d\000e\000\040\000e\000\040\000I\000n\000t\000e\000g\000r\000i\000d\000a\000d\000e\000\040\000d\000o\000s\000\040\000D\000a\000d\000o\000s}{section*.7}% 9
\BOOKMARK [2][-]{section*.17}{\376\377\0002\000.\0004\000\040\000E\000x\000p\000l\000o\000r\000a\000\347\000\343\000o\000\040\000d\000o\000s\000\040\000D\000a\000d\000o\000s}{section*.7}% 10
\BOOKMARK [1][-]{section*.21}{\376\377\0003\000\040\000P\000r\000\351\000\040\000P\000r\000o\000c\000e\000s\000s\000a\000m\000e\000n\000t\000o\000\040\000d\000o\000s\000\040\000D\000a\000d\000o\000s}{}% 11
\BOOKMARK [2][-]{section*.22}{\376\377\0003\000.\0001\000\040\000M\000a\000t\000r\000i\000z\000\040\000E\000s\000p\000a\000r\000s\000a\000\040\000d\000a\000\040\000M\000o\000d\000e\000l\000a\000g\000e\000m}{section*.21}% 12
\BOOKMARK [1][-]{section*.23}{\376\377\0004\000\040\000-\000\040\000M\000o\000d\000e\000l\000a\000g\000e\000m}{}% 13
\BOOKMARK [2][-]{section*.24}{\376\377\0004\000.\0001\000\040\000M\000a\000t\000r\000i\000z\000\040\000d\000e\000\040\000D\000i\000s\000t\000\342\000n\000c\000i\000a\000s}{section*.23}% 14
\BOOKMARK [2][-]{section*.25}{\376\377\0004\000.\0002\000\040\000M\000o\000d\000e\000l\000o}{section*.23}% 15
\BOOKMARK [1][-]{section*.26}{\376\377\0005\000\040\000A\000v\000a\000l\000i\000a\000\347\000\343\000o\000\040\000d\000o\000\040\000M\000o\000d\000e\000l\000o}{}% 16
\BOOKMARK [2][-]{section*.27}{\376\377\0005\000.\0001\000\040\000D\000e\000n\000d\000r\000o\000g\000r\000a\000m\000a\000\040\000d\000e\000\040\000R\000e\000s\000u\000l\000t\000a\000d\000o\000s}{section*.26}% 17
\BOOKMARK [1][-]{section*.28}{\376\377\0006\000\040\000I\000m\000p\000l\000a\000n\000t\000a\000\347\000\343\000o}{}% 18
\BOOKMARK [2][-]{section*.29}{\376\377\0006\000.\0001\000\040\000A\000p\000l\000i\000c\000a\000t\000i\000v\000o\000\040\000S\000h\000i\000n\000y\000\040\000C\000l\000u\000s\000t\000e\000r\000s\000\040\000M\000u\000s\000i\000c\000a\000i\000s\000\040\000A\000s\000o\000m}{section*.28}% 19
\BOOKMARK [1][-]{section*.30}{\376\377\0007\000\040\000F\000o\000n\000t\000e\000s\000\040\000e\000\040\000R\000e\000f\000e\000r\000e\000n\000c\000i\000a\000s}{}% 20
\BOOKMARK [2][-]{section*.31}{\376\377\0007\000.\0001\000\040\000L\000i\000n\000k\000s}{section*.30}% 21
